<?xml version="1.0" encoding="UTF-8"?>
<coverage generated="1554191809688" clover="3.2.0">
  <project timestamp="1554191809688" name="All files">
    <metrics statements="64" coveredstatements="62" conditionals="52" coveredconditionals="50" methods="12" coveredmethods="10" elements="128" coveredelements="122" complexity="0" loc="64" ncloc="64" packages="1" files="2" classes="2"/>
    <file name="interval.js" path="/home/jermin/Documents/Ecole/Ingénierie de Tests/tp-jest/src/interval.js">
      <metrics statements="12" coveredstatements="12" conditionals="14" coveredconditionals="14" methods="7" coveredmethods="6"/>
      <line num="3" count="56" type="stmt"/>
      <line num="4" count="56" type="stmt"/>
      <line num="8" count="6" type="stmt"/>
      <line num="26" count="20" type="cond" truecount="2" falsecount="0"/>
      <line num="46" count="7" type="cond" truecount="2" falsecount="0"/>
      <line num="66" count="4" type="cond" truecount="2" falsecount="0"/>
      <line num="67" count="2" type="stmt"/>
      <line num="74" count="2" type="cond" truecount="2" falsecount="0"/>
      <line num="95" count="5" type="cond" truecount="2" falsecount="0"/>
      <line num="96" count="4" type="stmt"/>
      <line num="101" count="1" type="stmt"/>
      <line num="125" count="1" type="stmt"/>
    </file>
    <file name="math.js" path="/home/jermin/Documents/Ecole/Ingénierie de Tests/tp-jest/src/math.js">
      <metrics statements="52" coveredstatements="50" conditionals="38" coveredconditionals="36" methods="5" coveredmethods="4"/>
      <line num="1" count="1" type="stmt"/>
      <line num="2" count="1" type="stmt"/>
      <line num="4" count="24" type="cond" truecount="2" falsecount="0"/>
      <line num="5" count="2" type="stmt"/>
      <line num="8" count="22" type="cond" truecount="4" falsecount="0"/>
      <line num="9" count="1" type="stmt"/>
      <line num="12" count="21" type="cond" truecount="1" falsecount="1"/>
      <line num="13" count="0" type="stmt"/>
      <line num="16" count="21" type="cond" truecount="2" falsecount="0"/>
      <line num="17" count="6" type="stmt"/>
      <line num="20" count="15" type="stmt"/>
      <line num="31" count="1" type="stmt"/>
      <line num="32" count="13" type="cond" truecount="2" falsecount="0"/>
      <line num="33" count="2" type="stmt"/>
      <line num="35" count="11" type="cond" truecount="2" falsecount="0"/>
      <line num="36" count="10" type="stmt"/>
      <line num="37" count="10" type="cond" truecount="2" falsecount="0"/>
      <line num="38" count="6" type="stmt"/>
      <line num="40" count="4" type="cond" truecount="2" falsecount="0"/>
      <line num="41" count="2" type="stmt"/>
      <line num="44" count="2" type="stmt"/>
      <line num="49" count="1" type="stmt"/>
      <line num="63" count="1" type="stmt"/>
      <line num="64" count="3" type="cond" truecount="1" falsecount="1"/>
      <line num="65" count="0" type="stmt"/>
      <line num="68" count="3" type="cond" truecount="4" falsecount="0"/>
      <line num="69" count="1" type="stmt"/>
      <line num="72" count="2" type="stmt"/>
      <line num="73" count="2" type="stmt"/>
      <line num="75" count="10" type="cond" truecount="2" falsecount="0"/>
      <line num="76" count="7" type="stmt"/>
      <line num="78" count="2" type="stmt"/>
      <line num="93" count="1" type="stmt"/>
      <line num="94" count="3" type="cond" truecount="2" falsecount="0"/>
      <line num="95" count="1" type="stmt"/>
      <line num="98" count="2" type="cond" truecount="4" falsecount="0"/>
      <line num="99" count="1" type="stmt"/>
      <line num="102" count="1" type="stmt"/>
      <line num="103" count="1" type="stmt"/>
      <line num="105" count="15" type="cond" truecount="2" falsecount="0"/>
      <line num="107" count="1" type="stmt"/>
      <line num="108" count="1" type="stmt"/>
      <line num="110" count="14" type="cond" truecount="2" falsecount="0"/>
      <line num="112" count="2" type="stmt"/>
      <line num="113" count="2" type="stmt"/>
      <line num="115" count="12" type="cond" truecount="2" falsecount="0"/>
      <line num="117" count="4" type="stmt"/>
      <line num="118" count="4" type="stmt"/>
      <line num="120" count="8" type="stmt"/>
      <line num="122" count="1" type="stmt"/>
      <line num="134" count="1" type="stmt"/>
      <line num="139" count="1" type="stmt"/>
    </file>
  </project>
</coverage>
