{"/home/jermin/Documents/Ecole/Ingénierie de Tests/tp-jest/src/interval.js": {"path":"/home/jermin/Documents/Ecole/Ingénierie de Tests/tp-jest/src/interval.js","statementMap":{"0":{"start":{"line":3,"column":8},"end":{"line":3,"column":27}},"1":{"start":{"line":4,"column":8},"end":{"line":4,"column":22}},"2":{"start":{"line":8,"column":8},"end":{"line":8,"column":55}},"3":{"start":{"line":26,"column":8},"end":{"line":26,"column":70}},"4":{"start":{"line":46,"column":8},"end":{"line":46,"column":70}},"5":{"start":{"line":66,"column":8},"end":{"line":75,"column":9}},"6":{"start":{"line":67,"column":12},"end":{"line":72,"column":16}},"7":{"start":{"line":74,"column":14},"end":{"line":74,"column":87}},"8":{"start":{"line":95,"column":8},"end":{"line":100,"column":9}},"9":{"start":{"line":96,"column":10},"end":{"line":99,"column":12}},"10":{"start":{"line":101,"column":8},"end":{"line":101,"column":20}},"11":{"start":{"line":125,"column":0},"end":{"line":125,"column":26}}},"fnMap":{"0":{"name":"(anonymous_0)","decl":{"start":{"line":2,"column":4},"end":{"line":2,"column":5}},"loc":{"start":{"line":2,"column":28},"end":{"line":5,"column":5}},"line":2},"1":{"name":"(anonymous_1)","decl":{"start":{"line":7,"column":4},"end":{"line":7,"column":5}},"loc":{"start":{"line":7,"column":15},"end":{"line":9,"column":5}},"line":7},"2":{"name":"(anonymous_2)","decl":{"start":{"line":25,"column":4},"end":{"line":25,"column":5}},"loc":{"start":{"line":25,"column":23},"end":{"line":27,"column":5}},"line":25},"3":{"name":"(anonymous_3)","decl":{"start":{"line":45,"column":4},"end":{"line":45,"column":5}},"loc":{"start":{"line":45,"column":23},"end":{"line":47,"column":5}},"line":45},"4":{"name":"(anonymous_4)","decl":{"start":{"line":65,"column":4},"end":{"line":65,"column":5}},"loc":{"start":{"line":65,"column":20},"end":{"line":76,"column":5}},"line":65},"5":{"name":"(anonymous_5)","decl":{"start":{"line":94,"column":4},"end":{"line":94,"column":5}},"loc":{"start":{"line":94,"column":27},"end":{"line":102,"column":5}},"line":94},"6":{"name":"(anonymous_6)","decl":{"start":{"line":120,"column":4},"end":{"line":120,"column":5}},"loc":{"start":{"line":120,"column":24},"end":{"line":122,"column":5}},"line":120}},"branchMap":{"0":{"loc":{"start":{"line":26,"column":15},"end":{"line":26,"column":69}},"type":"binary-expr","locations":[{"start":{"line":26,"column":15},"end":{"line":26,"column":40}},{"start":{"line":26,"column":44},"end":{"line":26,"column":69}}],"line":26},"1":{"loc":{"start":{"line":46,"column":15},"end":{"line":46,"column":69}},"type":"binary-expr","locations":[{"start":{"line":46,"column":15},"end":{"line":46,"column":38}},{"start":{"line":46,"column":42},"end":{"line":46,"column":69}}],"line":46},"2":{"loc":{"start":{"line":66,"column":8},"end":{"line":75,"column":9}},"type":"if","locations":[{"start":{"line":66,"column":8},"end":{"line":75,"column":9}},{"start":{"line":66,"column":8},"end":{"line":75,"column":9}}],"line":66},"3":{"loc":{"start":{"line":74,"column":21},"end":{"line":74,"column":86}},"type":"cond-expr","locations":[{"start":{"line":74,"column":51},"end":{"line":74,"column":67}},{"start":{"line":74,"column":70},"end":{"line":74,"column":86}}],"line":74},"4":{"loc":{"start":{"line":95,"column":8},"end":{"line":100,"column":9}},"type":"if","locations":[{"start":{"line":95,"column":8},"end":{"line":100,"column":9}},{"start":{"line":95,"column":8},"end":{"line":100,"column":9}}],"line":95},"5":{"loc":{"start":{"line":97,"column":12},"end":{"line":97,"column":69}},"type":"cond-expr","locations":[{"start":{"line":97,"column":42},"end":{"line":97,"column":56}},{"start":{"line":97,"column":59},"end":{"line":97,"column":69}}],"line":97},"6":{"loc":{"start":{"line":98,"column":12},"end":{"line":98,"column":61}},"type":"cond-expr","locations":[{"start":{"line":98,"column":38},"end":{"line":98,"column":50}},{"start":{"line":98,"column":53},"end":{"line":98,"column":61}}],"line":98}},"s":{"0":56,"1":56,"2":6,"3":20,"4":7,"5":4,"6":2,"7":2,"8":5,"9":4,"10":1,"11":1},"f":{"0":56,"1":6,"2":20,"3":7,"4":4,"5":5,"6":0},"b":{"0":[20,14],"1":[7,3],"2":[2,2],"3":[1,1],"4":[4,1],"5":[2,2],"6":[2,2]},"_coverageSchema":"43e27e138ebf9cfc5966b082cf9a028302ed4184","hash":"50d341be96d4178ac78ecd19bb0aad560aaf60eb"}
,"/home/jermin/Documents/Ecole/Ingénierie de Tests/tp-jest/src/math.js": {"path":"/home/jermin/Documents/Ecole/Ingénierie de Tests/tp-jest/src/math.js","statementMap":{"0":{"start":{"line":1,"column":11},"end":{"line":1,"column":13}},"1":{"start":{"line":2,"column":0},"end":{"line":21,"column":2}},"2":{"start":{"line":4,"column":4},"end":{"line":6,"column":5}},"3":{"start":{"line":5,"column":8},"end":{"line":5,"column":53}},"4":{"start":{"line":8,"column":4},"end":{"line":10,"column":5}},"5":{"start":{"line":9,"column":8},"end":{"line":9,"column":65}},"6":{"start":{"line":12,"column":4},"end":{"line":14,"column":5}},"7":{"start":{"line":13,"column":8},"end":{"line":13,"column":55}},"8":{"start":{"line":16,"column":4},"end":{"line":18,"column":5}},"9":{"start":{"line":17,"column":8},"end":{"line":17,"column":17}},"10":{"start":{"line":20,"column":4},"end":{"line":20,"column":37}},"11":{"start":{"line":31,"column":0},"end":{"line":51,"column":2}},"12":{"start":{"line":32,"column":4},"end":{"line":50,"column":5}},"13":{"start":{"line":33,"column":8},"end":{"line":33,"column":20}},"14":{"start":{"line":35,"column":9},"end":{"line":50,"column":5}},"15":{"start":{"line":36,"column":8},"end":{"line":46,"column":9}},"16":{"start":{"line":36,"column":21},"end":{"line":36,"column":22}},"17":{"start":{"line":37,"column":12},"end":{"line":45,"column":13}},"18":{"start":{"line":38,"column":16},"end":{"line":38,"column":28}},"19":{"start":{"line":40,"column":17},"end":{"line":45,"column":13}},"20":{"start":{"line":41,"column":16},"end":{"line":41,"column":28}},"21":{"start":{"line":44,"column":16},"end":{"line":44,"column":29}},"22":{"start":{"line":49,"column":8},"end":{"line":49,"column":21}},"23":{"start":{"line":63,"column":0},"end":{"line":79,"column":2}},"24":{"start":{"line":64,"column":4},"end":{"line":66,"column":5}},"25":{"start":{"line":65,"column":8},"end":{"line":65,"column":29}},"26":{"start":{"line":68,"column":4},"end":{"line":70,"column":5}},"27":{"start":{"line":69,"column":8},"end":{"line":69,"column":70}},"28":{"start":{"line":72,"column":14},"end":{"line":72,"column":15}},"29":{"start":{"line":73,"column":4},"end":{"line":77,"column":5}},"30":{"start":{"line":73,"column":16},"end":{"line":73,"column":17}},"31":{"start":{"line":75,"column":8},"end":{"line":76,"column":21}},"32":{"start":{"line":76,"column":12},"end":{"line":76,"column":21}},"33":{"start":{"line":78,"column":4},"end":{"line":78,"column":15}},"34":{"start":{"line":93,"column":0},"end":{"line":123,"column":2}},"35":{"start":{"line":94,"column":4},"end":{"line":96,"column":5}},"36":{"start":{"line":95,"column":8},"end":{"line":95,"column":24}},"37":{"start":{"line":98,"column":4},"end":{"line":100,"column":5}},"38":{"start":{"line":99,"column":8},"end":{"line":99,"column":70}},"39":{"start":{"line":102,"column":14},"end":{"line":102,"column":16}},"40":{"start":{"line":103,"column":4},"end":{"line":121,"column":5}},"41":{"start":{"line":103,"column":16},"end":{"line":103,"column":17}},"42":{"start":{"line":105,"column":8},"end":{"line":109,"column":9}},"43":{"start":{"line":107,"column":12},"end":{"line":107,"column":33}},"44":{"start":{"line":108,"column":12},"end":{"line":108,"column":21}},"45":{"start":{"line":110,"column":8},"end":{"line":114,"column":9}},"46":{"start":{"line":112,"column":12},"end":{"line":112,"column":29}},"47":{"start":{"line":113,"column":12},"end":{"line":113,"column":21}},"48":{"start":{"line":115,"column":8},"end":{"line":119,"column":9}},"49":{"start":{"line":117,"column":12},"end":{"line":117,"column":29}},"50":{"start":{"line":118,"column":12},"end":{"line":118,"column":21}},"51":{"start":{"line":120,"column":8},"end":{"line":120,"column":20}},"52":{"start":{"line":122,"column":4},"end":{"line":122,"column":15}},"53":{"start":{"line":134,"column":0},"end":{"line":136,"column":2}},"54":{"start":{"line":139,"column":0},"end":{"line":139,"column":22}}},"fnMap":{"0":{"name":"(anonymous_0)","decl":{"start":{"line":2,"column":17},"end":{"line":2,"column":18}},"loc":{"start":{"line":2,"column":24},"end":{"line":21,"column":1}},"line":2},"1":{"name":"(anonymous_1)","decl":{"start":{"line":31,"column":15},"end":{"line":31,"column":16}},"loc":{"start":{"line":31,"column":27},"end":{"line":51,"column":1}},"line":31},"2":{"name":"(anonymous_2)","decl":{"start":{"line":63,"column":16},"end":{"line":63,"column":17}},"loc":{"start":{"line":63,"column":28},"end":{"line":79,"column":1}},"line":63},"3":{"name":"(anonymous_3)","decl":{"start":{"line":93,"column":16},"end":{"line":93,"column":17}},"loc":{"start":{"line":93,"column":28},"end":{"line":123,"column":1}},"line":93},"4":{"name":"(anonymous_4)","decl":{"start":{"line":134,"column":14},"end":{"line":134,"column":15}},"loc":{"start":{"line":134,"column":32},"end":{"line":136,"column":1}},"line":134}},"branchMap":{"0":{"loc":{"start":{"line":4,"column":4},"end":{"line":6,"column":5}},"type":"if","locations":[{"start":{"line":4,"column":4},"end":{"line":6,"column":5}},{"start":{"line":4,"column":4},"end":{"line":6,"column":5}}],"line":4},"1":{"loc":{"start":{"line":8,"column":4},"end":{"line":10,"column":5}},"type":"if","locations":[{"start":{"line":8,"column":4},"end":{"line":10,"column":5}},{"start":{"line":8,"column":4},"end":{"line":10,"column":5}}],"line":8},"2":{"loc":{"start":{"line":8,"column":8},"end":{"line":8,"column":55}},"type":"binary-expr","locations":[{"start":{"line":8,"column":8},"end":{"line":8,"column":32}},{"start":{"line":8,"column":36},"end":{"line":8,"column":55}}],"line":8},"3":{"loc":{"start":{"line":12,"column":4},"end":{"line":14,"column":5}},"type":"if","locations":[{"start":{"line":12,"column":4},"end":{"line":14,"column":5}},{"start":{"line":12,"column":4},"end":{"line":14,"column":5}}],"line":12},"4":{"loc":{"start":{"line":16,"column":4},"end":{"line":18,"column":5}},"type":"if","locations":[{"start":{"line":16,"column":4},"end":{"line":18,"column":5}},{"start":{"line":16,"column":4},"end":{"line":18,"column":5}}],"line":16},"5":{"loc":{"start":{"line":32,"column":4},"end":{"line":50,"column":5}},"type":"if","locations":[{"start":{"line":32,"column":4},"end":{"line":50,"column":5}},{"start":{"line":32,"column":4},"end":{"line":50,"column":5}}],"line":32},"6":{"loc":{"start":{"line":35,"column":9},"end":{"line":50,"column":5}},"type":"if","locations":[{"start":{"line":35,"column":9},"end":{"line":50,"column":5}},{"start":{"line":35,"column":9},"end":{"line":50,"column":5}}],"line":35},"7":{"loc":{"start":{"line":37,"column":12},"end":{"line":45,"column":13}},"type":"if","locations":[{"start":{"line":37,"column":12},"end":{"line":45,"column":13}},{"start":{"line":37,"column":12},"end":{"line":45,"column":13}}],"line":37},"8":{"loc":{"start":{"line":40,"column":17},"end":{"line":45,"column":13}},"type":"if","locations":[{"start":{"line":40,"column":17},"end":{"line":45,"column":13}},{"start":{"line":40,"column":17},"end":{"line":45,"column":13}}],"line":40},"9":{"loc":{"start":{"line":64,"column":4},"end":{"line":66,"column":5}},"type":"if","locations":[{"start":{"line":64,"column":4},"end":{"line":66,"column":5}},{"start":{"line":64,"column":4},"end":{"line":66,"column":5}}],"line":64},"10":{"loc":{"start":{"line":68,"column":4},"end":{"line":70,"column":5}},"type":"if","locations":[{"start":{"line":68,"column":4},"end":{"line":70,"column":5}},{"start":{"line":68,"column":4},"end":{"line":70,"column":5}}],"line":68},"11":{"loc":{"start":{"line":68,"column":8},"end":{"line":68,"column":55}},"type":"binary-expr","locations":[{"start":{"line":68,"column":8},"end":{"line":68,"column":32}},{"start":{"line":68,"column":36},"end":{"line":68,"column":55}}],"line":68},"12":{"loc":{"start":{"line":75,"column":8},"end":{"line":76,"column":21}},"type":"if","locations":[{"start":{"line":75,"column":8},"end":{"line":76,"column":21}},{"start":{"line":75,"column":8},"end":{"line":76,"column":21}}],"line":75},"13":{"loc":{"start":{"line":94,"column":4},"end":{"line":96,"column":5}},"type":"if","locations":[{"start":{"line":94,"column":4},"end":{"line":96,"column":5}},{"start":{"line":94,"column":4},"end":{"line":96,"column":5}}],"line":94},"14":{"loc":{"start":{"line":98,"column":4},"end":{"line":100,"column":5}},"type":"if","locations":[{"start":{"line":98,"column":4},"end":{"line":100,"column":5}},{"start":{"line":98,"column":4},"end":{"line":100,"column":5}}],"line":98},"15":{"loc":{"start":{"line":98,"column":8},"end":{"line":98,"column":55}},"type":"binary-expr","locations":[{"start":{"line":98,"column":8},"end":{"line":98,"column":32}},{"start":{"line":98,"column":36},"end":{"line":98,"column":55}}],"line":98},"16":{"loc":{"start":{"line":105,"column":8},"end":{"line":109,"column":9}},"type":"if","locations":[{"start":{"line":105,"column":8},"end":{"line":109,"column":9}},{"start":{"line":105,"column":8},"end":{"line":109,"column":9}}],"line":105},"17":{"loc":{"start":{"line":110,"column":8},"end":{"line":114,"column":9}},"type":"if","locations":[{"start":{"line":110,"column":8},"end":{"line":114,"column":9}},{"start":{"line":110,"column":8},"end":{"line":114,"column":9}}],"line":110},"18":{"loc":{"start":{"line":115,"column":8},"end":{"line":119,"column":9}},"type":"if","locations":[{"start":{"line":115,"column":8},"end":{"line":119,"column":9}},{"start":{"line":115,"column":8},"end":{"line":119,"column":9}}],"line":115}},"s":{"0":1,"1":1,"2":24,"3":2,"4":22,"5":1,"6":21,"7":0,"8":21,"9":6,"10":15,"11":1,"12":13,"13":2,"14":11,"15":10,"16":10,"17":10,"18":6,"19":4,"20":2,"21":2,"22":1,"23":1,"24":3,"25":0,"26":3,"27":1,"28":2,"29":2,"30":2,"31":10,"32":7,"33":2,"34":1,"35":3,"36":1,"37":2,"38":1,"39":1,"40":1,"41":1,"42":15,"43":1,"44":1,"45":14,"46":2,"47":2,"48":12,"49":4,"50":4,"51":8,"52":1,"53":1,"54":1},"f":{"0":24,"1":13,"2":3,"3":3,"4":0},"b":{"0":[2,22],"1":[1,21],"2":[22,21],"3":[0,21],"4":[6,15],"5":[2,11],"6":[10,1],"7":[6,4],"8":[2,2],"9":[0,3],"10":[1,2],"11":[3,2],"12":[7,3],"13":[1,2],"14":[1,1],"15":[2,1],"16":[1,14],"17":[2,12],"18":[4,8]},"_coverageSchema":"43e27e138ebf9cfc5966b082cf9a028302ed4184","hash":"81c35c8ef096f7c5b540e320de43d3e16bc24074"}
}
