TN:
SF:/home/jermin/Documents/Ecole/Ingénierie de Tests/tp-jest/src/interval.js
FN:2,(anonymous_0)
FN:7,(anonymous_1)
FN:25,(anonymous_2)
FN:45,(anonymous_3)
FN:65,(anonymous_4)
FN:94,(anonymous_5)
FN:120,(anonymous_6)
FNF:7
FNH:6
FNDA:56,(anonymous_0)
FNDA:6,(anonymous_1)
FNDA:20,(anonymous_2)
FNDA:7,(anonymous_3)
FNDA:4,(anonymous_4)
FNDA:5,(anonymous_5)
FNDA:0,(anonymous_6)
DA:3,56
DA:4,56
DA:8,6
DA:26,20
DA:46,7
DA:66,4
DA:67,2
DA:74,2
DA:95,5
DA:96,4
DA:101,1
DA:125,1
LF:12
LH:12
BRDA:26,0,0,20
BRDA:26,0,1,14
BRDA:46,1,0,7
BRDA:46,1,1,3
BRDA:66,2,0,2
BRDA:66,2,1,2
BRDA:74,3,0,1
BRDA:74,3,1,1
BRDA:95,4,0,4
BRDA:95,4,1,1
BRDA:97,5,0,2
BRDA:97,5,1,2
BRDA:98,6,0,2
BRDA:98,6,1,2
BRF:14
BRH:14
end_of_record
TN:
SF:/home/jermin/Documents/Ecole/Ingénierie de Tests/tp-jest/src/math.js
FN:2,(anonymous_0)
FN:31,(anonymous_1)
FN:63,(anonymous_2)
FN:93,(anonymous_3)
FN:134,(anonymous_4)
FNF:5
FNH:4
FNDA:24,(anonymous_0)
FNDA:13,(anonymous_1)
FNDA:3,(anonymous_2)
FNDA:3,(anonymous_3)
FNDA:0,(anonymous_4)
DA:1,1
DA:2,1
DA:4,24
DA:5,2
DA:8,22
DA:9,1
DA:12,21
DA:13,0
DA:16,21
DA:17,6
DA:20,15
DA:31,1
DA:32,13
DA:33,2
DA:35,11
DA:36,10
DA:37,10
DA:38,6
DA:40,4
DA:41,2
DA:44,2
DA:49,1
DA:63,1
DA:64,3
DA:65,0
DA:68,3
DA:69,1
DA:72,2
DA:73,2
DA:75,10
DA:76,7
DA:78,2
DA:93,1
DA:94,3
DA:95,1
DA:98,2
DA:99,1
DA:102,1
DA:103,1
DA:105,15
DA:107,1
DA:108,1
DA:110,14
DA:112,2
DA:113,2
DA:115,12
DA:117,4
DA:118,4
DA:120,8
DA:122,1
DA:134,1
DA:139,1
LF:52
LH:50
BRDA:4,0,0,2
BRDA:4,0,1,22
BRDA:8,1,0,1
BRDA:8,1,1,21
BRDA:8,2,0,22
BRDA:8,2,1,21
BRDA:12,3,0,0
BRDA:12,3,1,21
BRDA:16,4,0,6
BRDA:16,4,1,15
BRDA:32,5,0,2
BRDA:32,5,1,11
BRDA:35,6,0,10
BRDA:35,6,1,1
BRDA:37,7,0,6
BRDA:37,7,1,4
BRDA:40,8,0,2
BRDA:40,8,1,2
BRDA:64,9,0,0
BRDA:64,9,1,3
BRDA:68,10,0,1
BRDA:68,10,1,2
BRDA:68,11,0,3
BRDA:68,11,1,2
BRDA:75,12,0,7
BRDA:75,12,1,3
BRDA:94,13,0,1
BRDA:94,13,1,2
BRDA:98,14,0,1
BRDA:98,14,1,1
BRDA:98,15,0,2
BRDA:98,15,1,1
BRDA:105,16,0,1
BRDA:105,16,1,14
BRDA:110,17,0,2
BRDA:110,17,1,12
BRDA:115,18,0,4
BRDA:115,18,1,8
BRF:38
BRH:36
end_of_record
